Running slow and fast...
Iteracion: 1
N: 1024 / 16384...
/opt/gridengine/default/spool/compute-2-6/job_scripts/94896: line 40: ./slow: No such file or directory
/opt/gridengine/default/spool/compute-2-6/job_scripts/94896: line 41: ./fast: No such file or directory
N: 2048 / 16384...
/opt/gridengine/default/spool/compute-2-6/job_scripts/94896: line 40: ./slow: No such file or directory
/opt/gridengine/default/spool/compute-2-6/job_scripts/94896: line 41: ./fast: No such file or directory
N: 3072 / 16384...
/opt/gridengine/default/spool/compute-2-6/job_scripts/94896: line 40: ./slow: No such file or directory
/opt/gridengine/default/spool/compute-2-6/job_scripts/94896: line 41: ./fast: No such file or directory
N: 4096 / 16384...
/opt/gridengine/default/spool/compute-2-6/job_scripts/94896: line 40: ./slow: No such file or directory
/opt/gridengine/default/spool/compute-2-6/job_scripts/94896: line 41: ./fast: No such file or directory
N: 5120 / 16384...
/opt/gridengine/default/spool/compute-2-6/job_scripts/94896: line 40: ./slow: No such file or directory
/opt/gridengine/default/spool/compute-2-6/job_scripts/94896: line 41: ./fast: No such file or directory
N: 6144 / 16384...
/opt/gridengine/default/spool/compute-2-6/job_scripts/94896: line 40: ./slow: No such file or directory
/opt/gridengine/default/spool/compute-2-6/job_scripts/94896: line 41: ./fast: No such file or directory
N: 7168 / 16384...
/opt/gridengine/default/spool/compute-2-6/job_scripts/94896: line 40: ./slow: No such file or directory
/opt/gridengine/default/spool/compute-2-6/job_scripts/94896: line 41: ./fast: No such file or directory
N: 8192 / 16384...
/opt/gridengine/default/spool/compute-2-6/job_scripts/94896: line 40: ./slow: No such file or directory
/opt/gridengine/default/spool/compute-2-6/job_scripts/94896: line 41: ./fast: No such file or directory
N: 9216 / 16384...
/opt/gridengine/default/spool/compute-2-6/job_scripts/94896: line 40: ./slow: No such file or directory
/opt/gridengine/default/spool/compute-2-6/job_scripts/94896: line 41: ./fast: No such file or directory
N: 10240 / 16384...
/opt/gridengine/default/spool/compute-2-6/job_scripts/94896: line 40: ./slow: No such file or directory
/opt/gridengine/default/spool/compute-2-6/job_scripts/94896: line 41: ./fast: No such file or directory
N: 11264 / 16384...
/opt/gridengine/default/spool/compute-2-6/job_scripts/94896: line 40: ./slow: No such file or directory
/opt/gridengine/default/spool/compute-2-6/job_scripts/94896: line 41: ./fast: No such file or directory
N: 12288 / 16384...
/opt/gridengine/default/spool/compute-2-6/job_scripts/94896: line 40: ./slow: No such file or directory
/opt/gridengine/default/spool/compute-2-6/job_scripts/94896: line 41: ./fast: No such file or directory
N: 13312 / 16384...
/opt/gridengine/default/spool/compute-2-6/job_scripts/94896: line 40: ./slow: No such file or directory
/opt/gridengine/default/spool/compute-2-6/job_scripts/94896: line 41: ./fast: No such file or directory
N: 14336 / 16384...
/opt/gridengine/default/spool/compute-2-6/job_scripts/94896: line 40: ./slow: No such file or directory
/opt/gridengine/default/spool/compute-2-6/job_scripts/94896: line 41: ./fast: No such file or directory
N: 15360 / 16384...
/opt/gridengine/default/spool/compute-2-6/job_scripts/94896: line 40: ./slow: No such file or directory
/opt/gridengine/default/spool/compute-2-6/job_scripts/94896: line 41: ./fast: No such file or directory
N: 16384 / 16384...
/opt/gridengine/default/spool/compute-2-6/job_scripts/94896: line 40: ./slow: No such file or directory
/opt/gridengine/default/spool/compute-2-6/job_scripts/94896: line 41: ./fast: No such file or directory
Iteracion: 2
N: 1024 / 16384...
/opt/gridengine/default/spool/compute-2-6/job_scripts/94896: line 40: ./slow: No such file or directory
/opt/gridengine/default/spool/compute-2-6/job_scripts/94896: line 41: ./fast: No such file or directory
N: 2048 / 16384...
/opt/gridengine/default/spool/compute-2-6/job_scripts/94896: line 40: ./slow: No such file or directory
/opt/gridengine/default/spool/compute-2-6/job_scripts/94896: line 41: ./fast: No such file or directory
N: 3072 / 16384...
/opt/gridengine/default/spool/compute-2-6/job_scripts/94896: line 40: ./slow: No such file or directory
/opt/gridengine/default/spool/compute-2-6/job_scripts/94896: line 41: ./fast: No such file or directory
N: 4096 / 16384...
/opt/gridengine/default/spool/compute-2-6/job_scripts/94896: line 40: ./slow: No such file or directory
/opt/gridengine/default/spool/compute-2-6/job_scripts/94896: line 41: ./fast: No such file or directory
N: 5120 / 16384...
/opt/gridengine/default/spool/compute-2-6/job_scripts/94896: line 40: ./slow: No such file or directory
/opt/gridengine/default/spool/compute-2-6/job_scripts/94896: line 41: ./fast: No such file or directory
N: 6144 / 16384...
/opt/gridengine/default/spool/compute-2-6/job_scripts/94896: line 40: ./slow: No such file or directory
/opt/gridengine/default/spool/compute-2-6/job_scripts/94896: line 41: ./fast: No such file or directory
N: 7168 / 16384...
/opt/gridengine/default/spool/compute-2-6/job_scripts/94896: line 40: ./slow: No such file or directory
/opt/gridengine/default/spool/compute-2-6/job_scripts/94896: line 41: ./fast: No such file or directory
N: 8192 / 16384...
/opt/gridengine/default/spool/compute-2-6/job_scripts/94896: line 40: ./slow: No such file or directory
/opt/gridengine/default/spool/compute-2-6/job_scripts/94896: line 41: ./fast: No such file or directory
N: 9216 / 16384...
/opt/gridengine/default/spool/compute-2-6/job_scripts/94896: line 40: ./slow: No such file or directory
/opt/gridengine/default/spool/compute-2-6/job_scripts/94896: line 41: ./fast: No such file or directory
N: 10240 / 16384...
/opt/gridengine/default/spool/compute-2-6/job_scripts/94896: line 40: ./slow: No such file or directory
/opt/gridengine/default/spool/compute-2-6/job_scripts/94896: line 41: ./fast: No such file or directory
N: 11264 / 16384...
/opt/gridengine/default/spool/compute-2-6/job_scripts/94896: line 40: ./slow: No such file or directory
/opt/gridengine/default/spool/compute-2-6/job_scripts/94896: line 41: ./fast: No such file or directory
N: 12288 / 16384...
/opt/gridengine/default/spool/compute-2-6/job_scripts/94896: line 40: ./slow: No such file or directory
/opt/gridengine/default/spool/compute-2-6/job_scripts/94896: line 41: ./fast: No such file or directory
N: 13312 / 16384...
/opt/gridengine/default/spool/compute-2-6/job_scripts/94896: line 40: ./slow: No such file or directory
/opt/gridengine/default/spool/compute-2-6/job_scripts/94896: line 41: ./fast: No such file or directory
N: 14336 / 16384...
/opt/gridengine/default/spool/compute-2-6/job_scripts/94896: line 40: ./slow: No such file or directory
/opt/gridengine/default/spool/compute-2-6/job_scripts/94896: line 41: ./fast: No such file or directory
N: 15360 / 16384...
/opt/gridengine/default/spool/compute-2-6/job_scripts/94896: line 40: ./slow: No such file or directory
/opt/gridengine/default/spool/compute-2-6/job_scripts/94896: line 41: ./fast: No such file or directory
N: 16384 / 16384...
/opt/gridengine/default/spool/compute-2-6/job_scripts/94896: line 40: ./slow: No such file or directory
/opt/gridengine/default/spool/compute-2-6/job_scripts/94896: line 41: ./fast: No such file or directory
Iteracion: 3
N: 1024 / 16384...
/opt/gridengine/default/spool/compute-2-6/job_scripts/94896: line 40: ./slow: No such file or directory
/opt/gridengine/default/spool/compute-2-6/job_scripts/94896: line 41: ./fast: No such file or directory
N: 2048 / 16384...
/opt/gridengine/default/spool/compute-2-6/job_scripts/94896: line 40: ./slow: No such file or directory
/opt/gridengine/default/spool/compute-2-6/job_scripts/94896: line 41: ./fast: No such file or directory
N: 3072 / 16384...
/opt/gridengine/default/spool/compute-2-6/job_scripts/94896: line 40: ./slow: No such file or directory
/opt/gridengine/default/spool/compute-2-6/job_scripts/94896: line 41: ./fast: No such file or directory
N: 4096 / 16384...
/opt/gridengine/default/spool/compute-2-6/job_scripts/94896: line 40: ./slow: No such file or directory
/opt/gridengine/default/spool/compute-2-6/job_scripts/94896: line 41: ./fast: No such file or directory
N: 5120 / 16384...
/opt/gridengine/default/spool/compute-2-6/job_scripts/94896: line 40: ./slow: No such file or directory
/opt/gridengine/default/spool/compute-2-6/job_scripts/94896: line 41: ./fast: No such file or directory
N: 6144 / 16384...
/opt/gridengine/default/spool/compute-2-6/job_scripts/94896: line 40: ./slow: No such file or directory
/opt/gridengine/default/spool/compute-2-6/job_scripts/94896: line 41: ./fast: No such file or directory
N: 7168 / 16384...
/opt/gridengine/default/spool/compute-2-6/job_scripts/94896: line 40: ./slow: No such file or directory
/opt/gridengine/default/spool/compute-2-6/job_scripts/94896: line 41: ./fast: No such file or directory
N: 8192 / 16384...
/opt/gridengine/default/spool/compute-2-6/job_scripts/94896: line 40: ./slow: No such file or directory
/opt/gridengine/default/spool/compute-2-6/job_scripts/94896: line 41: ./fast: No such file or directory
N: 9216 / 16384...
/opt/gridengine/default/spool/compute-2-6/job_scripts/94896: line 40: ./slow: No such file or directory
/opt/gridengine/default/spool/compute-2-6/job_scripts/94896: line 41: ./fast: No such file or directory
N: 10240 / 16384...
/opt/gridengine/default/spool/compute-2-6/job_scripts/94896: line 40: ./slow: No such file or directory
/opt/gridengine/default/spool/compute-2-6/job_scripts/94896: line 41: ./fast: No such file or directory
N: 11264 / 16384...
/opt/gridengine/default/spool/compute-2-6/job_scripts/94896: line 40: ./slow: No such file or directory
/opt/gridengine/default/spool/compute-2-6/job_scripts/94896: line 41: ./fast: No such file or directory
N: 12288 / 16384...
/opt/gridengine/default/spool/compute-2-6/job_scripts/94896: line 40: ./slow: No such file or directory
/opt/gridengine/default/spool/compute-2-6/job_scripts/94896: line 41: ./fast: No such file or directory
N: 13312 / 16384...
/opt/gridengine/default/spool/compute-2-6/job_scripts/94896: line 40: ./slow: No such file or directory
/opt/gridengine/default/spool/compute-2-6/job_scripts/94896: line 41: ./fast: No such file or directory
N: 14336 / 16384...
/opt/gridengine/default/spool/compute-2-6/job_scripts/94896: line 40: ./slow: No such file or directory
/opt/gridengine/default/spool/compute-2-6/job_scripts/94896: line 41: ./fast: No such file or directory
N: 15360 / 16384...
/opt/gridengine/default/spool/compute-2-6/job_scripts/94896: line 40: ./slow: No such file or directory
/opt/gridengine/default/spool/compute-2-6/job_scripts/94896: line 41: ./fast: No such file or directory
N: 16384 / 16384...
/opt/gridengine/default/spool/compute-2-6/job_scripts/94896: line 40: ./slow: No such file or directory
/opt/gridengine/default/spool/compute-2-6/job_scripts/94896: line 41: ./fast: No such file or directory
Iteracion: 4
N: 1024 / 16384...
/opt/gridengine/default/spool/compute-2-6/job_scripts/94896: line 40: ./slow: No such file or directory
/opt/gridengine/default/spool/compute-2-6/job_scripts/94896: line 41: ./fast: No such file or directory
N: 2048 / 16384...
/opt/gridengine/default/spool/compute-2-6/job_scripts/94896: line 40: ./slow: No such file or directory
/opt/gridengine/default/spool/compute-2-6/job_scripts/94896: line 41: ./fast: No such file or directory
N: 3072 / 16384...
/opt/gridengine/default/spool/compute-2-6/job_scripts/94896: line 40: ./slow: No such file or directory
/opt/gridengine/default/spool/compute-2-6/job_scripts/94896: line 41: ./fast: No such file or directory
N: 4096 / 16384...
/opt/gridengine/default/spool/compute-2-6/job_scripts/94896: line 40: ./slow: No such file or directory
/opt/gridengine/default/spool/compute-2-6/job_scripts/94896: line 41: ./fast: No such file or directory
N: 5120 / 16384...
/opt/gridengine/default/spool/compute-2-6/job_scripts/94896: line 40: ./slow: No such file or directory
/opt/gridengine/default/spool/compute-2-6/job_scripts/94896: line 41: ./fast: No such file or directory
N: 6144 / 16384...
/opt/gridengine/default/spool/compute-2-6/job_scripts/94896: line 40: ./slow: No such file or directory
/opt/gridengine/default/spool/compute-2-6/job_scripts/94896: line 41: ./fast: No such file or directory
N: 7168 / 16384...
/opt/gridengine/default/spool/compute-2-6/job_scripts/94896: line 40: ./slow: No such file or directory
/opt/gridengine/default/spool/compute-2-6/job_scripts/94896: line 41: ./fast: No such file or directory
N: 8192 / 16384...
/opt/gridengine/default/spool/compute-2-6/job_scripts/94896: line 40: ./slow: No such file or directory
/opt/gridengine/default/spool/compute-2-6/job_scripts/94896: line 41: ./fast: No such file or directory
N: 9216 / 16384...
/opt/gridengine/default/spool/compute-2-6/job_scripts/94896: line 40: ./slow: No such file or directory
/opt/gridengine/default/spool/compute-2-6/job_scripts/94896: line 41: ./fast: No such file or directory
N: 10240 / 16384...
/opt/gridengine/default/spool/compute-2-6/job_scripts/94896: line 40: ./slow: No such file or directory
/opt/gridengine/default/spool/compute-2-6/job_scripts/94896: line 41: ./fast: No such file or directory
N: 11264 / 16384...
/opt/gridengine/default/spool/compute-2-6/job_scripts/94896: line 40: ./slow: No such file or directory
/opt/gridengine/default/spool/compute-2-6/job_scripts/94896: line 41: ./fast: No such file or directory
N: 12288 / 16384...
/opt/gridengine/default/spool/compute-2-6/job_scripts/94896: line 40: ./slow: No such file or directory
/opt/gridengine/default/spool/compute-2-6/job_scripts/94896: line 41: ./fast: No such file or directory
N: 13312 / 16384...
/opt/gridengine/default/spool/compute-2-6/job_scripts/94896: line 40: ./slow: No such file or directory
/opt/gridengine/default/spool/compute-2-6/job_scripts/94896: line 41: ./fast: No such file or directory
N: 14336 / 16384...
/opt/gridengine/default/spool/compute-2-6/job_scripts/94896: line 40: ./slow: No such file or directory
/opt/gridengine/default/spool/compute-2-6/job_scripts/94896: line 41: ./fast: No such file or directory
N: 15360 / 16384...
/opt/gridengine/default/spool/compute-2-6/job_scripts/94896: line 40: ./slow: No such file or directory
/opt/gridengine/default/spool/compute-2-6/job_scripts/94896: line 41: ./fast: No such file or directory
N: 16384 / 16384...
/opt/gridengine/default/spool/compute-2-6/job_scripts/94896: line 40: ./slow: No such file or directory
/opt/gridengine/default/spool/compute-2-6/job_scripts/94896: line 41: ./fast: No such file or directory
Iteracion: 5
N: 1024 / 16384...
/opt/gridengine/default/spool/compute-2-6/job_scripts/94896: line 40: ./slow: No such file or directory
/opt/gridengine/default/spool/compute-2-6/job_scripts/94896: line 41: ./fast: No such file or directory
N: 2048 / 16384...
/opt/gridengine/default/spool/compute-2-6/job_scripts/94896: line 40: ./slow: No such file or directory
/opt/gridengine/default/spool/compute-2-6/job_scripts/94896: line 41: ./fast: No such file or directory
N: 3072 / 16384...
/opt/gridengine/default/spool/compute-2-6/job_scripts/94896: line 40: ./slow: No such file or directory
/opt/gridengine/default/spool/compute-2-6/job_scripts/94896: line 41: ./fast: No such file or directory
N: 4096 / 16384...
/opt/gridengine/default/spool/compute-2-6/job_scripts/94896: line 40: ./slow: No such file or directory
/opt/gridengine/default/spool/compute-2-6/job_scripts/94896: line 41: ./fast: No such file or directory
N: 5120 / 16384...
/opt/gridengine/default/spool/compute-2-6/job_scripts/94896: line 40: ./slow: No such file or directory
/opt/gridengine/default/spool/compute-2-6/job_scripts/94896: line 41: ./fast: No such file or directory
N: 6144 / 16384...
/opt/gridengine/default/spool/compute-2-6/job_scripts/94896: line 40: ./slow: No such file or directory
/opt/gridengine/default/spool/compute-2-6/job_scripts/94896: line 41: ./fast: No such file or directory
N: 7168 / 16384...
/opt/gridengine/default/spool/compute-2-6/job_scripts/94896: line 40: ./slow: No such file or directory
/opt/gridengine/default/spool/compute-2-6/job_scripts/94896: line 41: ./fast: No such file or directory
N: 8192 / 16384...
/opt/gridengine/default/spool/compute-2-6/job_scripts/94896: line 40: ./slow: No such file or directory
/opt/gridengine/default/spool/compute-2-6/job_scripts/94896: line 41: ./fast: No such file or directory
N: 9216 / 16384...
/opt/gridengine/default/spool/compute-2-6/job_scripts/94896: line 40: ./slow: No such file or directory
/opt/gridengine/default/spool/compute-2-6/job_scripts/94896: line 41: ./fast: No such file or directory
N: 10240 / 16384...
/opt/gridengine/default/spool/compute-2-6/job_scripts/94896: line 40: ./slow: No such file or directory
/opt/gridengine/default/spool/compute-2-6/job_scripts/94896: line 41: ./fast: No such file or directory
N: 11264 / 16384...
/opt/gridengine/default/spool/compute-2-6/job_scripts/94896: line 40: ./slow: No such file or directory
/opt/gridengine/default/spool/compute-2-6/job_scripts/94896: line 41: ./fast: No such file or directory
N: 12288 / 16384...
/opt/gridengine/default/spool/compute-2-6/job_scripts/94896: line 40: ./slow: No such file or directory
/opt/gridengine/default/spool/compute-2-6/job_scripts/94896: line 41: ./fast: No such file or directory
N: 13312 / 16384...
/opt/gridengine/default/spool/compute-2-6/job_scripts/94896: line 40: ./slow: No such file or directory
/opt/gridengine/default/spool/compute-2-6/job_scripts/94896: line 41: ./fast: No such file or directory
N: 14336 / 16384...
/opt/gridengine/default/spool/compute-2-6/job_scripts/94896: line 40: ./slow: No such file or directory
/opt/gridengine/default/spool/compute-2-6/job_scripts/94896: line 41: ./fast: No such file or directory
N: 15360 / 16384...
/opt/gridengine/default/spool/compute-2-6/job_scripts/94896: line 40: ./slow: No such file or directory
/opt/gridengine/default/spool/compute-2-6/job_scripts/94896: line 41: ./fast: No such file or directory
N: 16384 / 16384...
/opt/gridengine/default/spool/compute-2-6/job_scripts/94896: line 40: ./slow: No such file or directory
/opt/gridengine/default/spool/compute-2-6/job_scripts/94896: line 41: ./fast: No such file or directory
Iteracion: 6
N: 1024 / 16384...
/opt/gridengine/default/spool/compute-2-6/job_scripts/94896: line 40: ./slow: No such file or directory
/opt/gridengine/default/spool/compute-2-6/job_scripts/94896: line 41: ./fast: No such file or directory
N: 2048 / 16384...
/opt/gridengine/default/spool/compute-2-6/job_scripts/94896: line 40: ./slow: No such file or directory
/opt/gridengine/default/spool/compute-2-6/job_scripts/94896: line 41: ./fast: No such file or directory
N: 3072 / 16384...
/opt/gridengine/default/spool/compute-2-6/job_scripts/94896: line 40: ./slow: No such file or directory
/opt/gridengine/default/spool/compute-2-6/job_scripts/94896: line 41: ./fast: No such file or directory
N: 4096 / 16384...
/opt/gridengine/default/spool/compute-2-6/job_scripts/94896: line 40: ./slow: No such file or directory
/opt/gridengine/default/spool/compute-2-6/job_scripts/94896: line 41: ./fast: No such file or directory
N: 5120 / 16384...
/opt/gridengine/default/spool/compute-2-6/job_scripts/94896: line 40: ./slow: No such file or directory
/opt/gridengine/default/spool/compute-2-6/job_scripts/94896: line 41: ./fast: No such file or directory
N: 6144 / 16384...
/opt/gridengine/default/spool/compute-2-6/job_scripts/94896: line 40: ./slow: No such file or directory
/opt/gridengine/default/spool/compute-2-6/job_scripts/94896: line 41: ./fast: No such file or directory
N: 7168 / 16384...
/opt/gridengine/default/spool/compute-2-6/job_scripts/94896: line 40: ./slow: No such file or directory
/opt/gridengine/default/spool/compute-2-6/job_scripts/94896: line 41: ./fast: No such file or directory
N: 8192 / 16384...
/opt/gridengine/default/spool/compute-2-6/job_scripts/94896: line 40: ./slow: No such file or directory
/opt/gridengine/default/spool/compute-2-6/job_scripts/94896: line 41: ./fast: No such file or directory
N: 9216 / 16384...
/opt/gridengine/default/spool/compute-2-6/job_scripts/94896: line 40: ./slow: No such file or directory
/opt/gridengine/default/spool/compute-2-6/job_scripts/94896: line 41: ./fast: No such file or directory
N: 10240 / 16384...
/opt/gridengine/default/spool/compute-2-6/job_scripts/94896: line 40: ./slow: No such file or directory
/opt/gridengine/default/spool/compute-2-6/job_scripts/94896: line 41: ./fast: No such file or directory
N: 11264 / 16384...
/opt/gridengine/default/spool/compute-2-6/job_scripts/94896: line 40: ./slow: No such file or directory
/opt/gridengine/default/spool/compute-2-6/job_scripts/94896: line 41: ./fast: No such file or directory
N: 12288 / 16384...
/opt/gridengine/default/spool/compute-2-6/job_scripts/94896: line 40: ./slow: No such file or directory
/opt/gridengine/default/spool/compute-2-6/job_scripts/94896: line 41: ./fast: No such file or directory
N: 13312 / 16384...
/opt/gridengine/default/spool/compute-2-6/job_scripts/94896: line 40: ./slow: No such file or directory
/opt/gridengine/default/spool/compute-2-6/job_scripts/94896: line 41: ./fast: No such file or directory
N: 14336 / 16384...
/opt/gridengine/default/spool/compute-2-6/job_scripts/94896: line 40: ./slow: No such file or directory
/opt/gridengine/default/spool/compute-2-6/job_scripts/94896: line 41: ./fast: No such file or directory
N: 15360 / 16384...
/opt/gridengine/default/spool/compute-2-6/job_scripts/94896: line 40: ./slow: No such file or directory
/opt/gridengine/default/spool/compute-2-6/job_scripts/94896: line 41: ./fast: No such file or directory
N: 16384 / 16384...
/opt/gridengine/default/spool/compute-2-6/job_scripts/94896: line 40: ./slow: No such file or directory
/opt/gridengine/default/spool/compute-2-6/job_scripts/94896: line 41: ./fast: No such file or directory
Iteracion: 7
N: 1024 / 16384...
/opt/gridengine/default/spool/compute-2-6/job_scripts/94896: line 40: ./slow: No such file or directory
/opt/gridengine/default/spool/compute-2-6/job_scripts/94896: line 41: ./fast: No such file or directory
N: 2048 / 16384...
/opt/gridengine/default/spool/compute-2-6/job_scripts/94896: line 40: ./slow: No such file or directory
/opt/gridengine/default/spool/compute-2-6/job_scripts/94896: line 41: ./fast: No such file or directory
N: 3072 / 16384...
/opt/gridengine/default/spool/compute-2-6/job_scripts/94896: line 40: ./slow: No such file or directory
/opt/gridengine/default/spool/compute-2-6/job_scripts/94896: line 41: ./fast: No such file or directory
N: 4096 / 16384...
/opt/gridengine/default/spool/compute-2-6/job_scripts/94896: line 40: ./slow: No such file or directory
/opt/gridengine/default/spool/compute-2-6/job_scripts/94896: line 41: ./fast: No such file or directory
N: 5120 / 16384...
/opt/gridengine/default/spool/compute-2-6/job_scripts/94896: line 40: ./slow: No such file or directory
/opt/gridengine/default/spool/compute-2-6/job_scripts/94896: line 41: ./fast: No such file or directory
N: 6144 / 16384...
/opt/gridengine/default/spool/compute-2-6/job_scripts/94896: line 40: ./slow: No such file or directory
/opt/gridengine/default/spool/compute-2-6/job_scripts/94896: line 41: ./fast: No such file or directory
N: 7168 / 16384...
/opt/gridengine/default/spool/compute-2-6/job_scripts/94896: line 40: ./slow: No such file or directory
/opt/gridengine/default/spool/compute-2-6/job_scripts/94896: line 41: ./fast: No such file or directory
N: 8192 / 16384...
/opt/gridengine/default/spool/compute-2-6/job_scripts/94896: line 40: ./slow: No such file or directory
/opt/gridengine/default/spool/compute-2-6/job_scripts/94896: line 41: ./fast: No such file or directory
N: 9216 / 16384...
/opt/gridengine/default/spool/compute-2-6/job_scripts/94896: line 40: ./slow: No such file or directory
/opt/gridengine/default/spool/compute-2-6/job_scripts/94896: line 41: ./fast: No such file or directory
N: 10240 / 16384...
/opt/gridengine/default/spool/compute-2-6/job_scripts/94896: line 40: ./slow: No such file or directory
/opt/gridengine/default/spool/compute-2-6/job_scripts/94896: line 41: ./fast: No such file or directory
N: 11264 / 16384...
/opt/gridengine/default/spool/compute-2-6/job_scripts/94896: line 40: ./slow: No such file or directory
/opt/gridengine/default/spool/compute-2-6/job_scripts/94896: line 41: ./fast: No such file or directory
N: 12288 / 16384...
/opt/gridengine/default/spool/compute-2-6/job_scripts/94896: line 40: ./slow: No such file or directory
/opt/gridengine/default/spool/compute-2-6/job_scripts/94896: line 41: ./fast: No such file or directory
N: 13312 / 16384...
/opt/gridengine/default/spool/compute-2-6/job_scripts/94896: line 40: ./slow: No such file or directory
/opt/gridengine/default/spool/compute-2-6/job_scripts/94896: line 41: ./fast: No such file or directory
N: 14336 / 16384...
/opt/gridengine/default/spool/compute-2-6/job_scripts/94896: line 40: ./slow: No such file or directory
/opt/gridengine/default/spool/compute-2-6/job_scripts/94896: line 41: ./fast: No such file or directory
N: 15360 / 16384...
/opt/gridengine/default/spool/compute-2-6/job_scripts/94896: line 40: ./slow: No such file or directory
/opt/gridengine/default/spool/compute-2-6/job_scripts/94896: line 41: ./fast: No such file or directory
N: 16384 / 16384...
/opt/gridengine/default/spool/compute-2-6/job_scripts/94896: line 40: ./slow: No such file or directory
/opt/gridengine/default/spool/compute-2-6/job_scripts/94896: line 41: ./fast: No such file or directory
Iteracion: 8
N: 1024 / 16384...
/opt/gridengine/default/spool/compute-2-6/job_scripts/94896: line 40: ./slow: No such file or directory
/opt/gridengine/default/spool/compute-2-6/job_scripts/94896: line 41: ./fast: No such file or directory
N: 2048 / 16384...
/opt/gridengine/default/spool/compute-2-6/job_scripts/94896: line 40: ./slow: No such file or directory
/opt/gridengine/default/spool/compute-2-6/job_scripts/94896: line 41: ./fast: No such file or directory
N: 3072 / 16384...
/opt/gridengine/default/spool/compute-2-6/job_scripts/94896: line 40: ./slow: No such file or directory
/opt/gridengine/default/spool/compute-2-6/job_scripts/94896: line 41: ./fast: No such file or directory
N: 4096 / 16384...
/opt/gridengine/default/spool/compute-2-6/job_scripts/94896: line 40: ./slow: No such file or directory
/opt/gridengine/default/spool/compute-2-6/job_scripts/94896: line 41: ./fast: No such file or directory
N: 5120 / 16384...
/opt/gridengine/default/spool/compute-2-6/job_scripts/94896: line 40: ./slow: No such file or directory
/opt/gridengine/default/spool/compute-2-6/job_scripts/94896: line 41: ./fast: No such file or directory
N: 6144 / 16384...
/opt/gridengine/default/spool/compute-2-6/job_scripts/94896: line 40: ./slow: No such file or directory
/opt/gridengine/default/spool/compute-2-6/job_scripts/94896: line 41: ./fast: No such file or directory
N: 7168 / 16384...
/opt/gridengine/default/spool/compute-2-6/job_scripts/94896: line 40: ./slow: No such file or directory
/opt/gridengine/default/spool/compute-2-6/job_scripts/94896: line 41: ./fast: No such file or directory
N: 8192 / 16384...
/opt/gridengine/default/spool/compute-2-6/job_scripts/94896: line 40: ./slow: No such file or directory
/opt/gridengine/default/spool/compute-2-6/job_scripts/94896: line 41: ./fast: No such file or directory
N: 9216 / 16384...
/opt/gridengine/default/spool/compute-2-6/job_scripts/94896: line 40: ./slow: No such file or directory
/opt/gridengine/default/spool/compute-2-6/job_scripts/94896: line 41: ./fast: No such file or directory
N: 10240 / 16384...
/opt/gridengine/default/spool/compute-2-6/job_scripts/94896: line 40: ./slow: No such file or directory
/opt/gridengine/default/spool/compute-2-6/job_scripts/94896: line 41: ./fast: No such file or directory
N: 11264 / 16384...
/opt/gridengine/default/spool/compute-2-6/job_scripts/94896: line 40: ./slow: No such file or directory
/opt/gridengine/default/spool/compute-2-6/job_scripts/94896: line 41: ./fast: No such file or directory
N: 12288 / 16384...
/opt/gridengine/default/spool/compute-2-6/job_scripts/94896: line 40: ./slow: No such file or directory
/opt/gridengine/default/spool/compute-2-6/job_scripts/94896: line 41: ./fast: No such file or directory
N: 13312 / 16384...
/opt/gridengine/default/spool/compute-2-6/job_scripts/94896: line 40: ./slow: No such file or directory
/opt/gridengine/default/spool/compute-2-6/job_scripts/94896: line 41: ./fast: No such file or directory
N: 14336 / 16384...
/opt/gridengine/default/spool/compute-2-6/job_scripts/94896: line 40: ./slow: No such file or directory
/opt/gridengine/default/spool/compute-2-6/job_scripts/94896: line 41: ./fast: No such file or directory
N: 15360 / 16384...
/opt/gridengine/default/spool/compute-2-6/job_scripts/94896: line 40: ./slow: No such file or directory
/opt/gridengine/default/spool/compute-2-6/job_scripts/94896: line 41: ./fast: No such file or directory
N: 16384 / 16384...
/opt/gridengine/default/spool/compute-2-6/job_scripts/94896: line 40: ./slow: No such file or directory
/opt/gridengine/default/spool/compute-2-6/job_scripts/94896: line 41: ./fast: No such file or directory
Iteracion: 9
N: 1024 / 16384...
/opt/gridengine/default/spool/compute-2-6/job_scripts/94896: line 40: ./slow: No such file or directory
/opt/gridengine/default/spool/compute-2-6/job_scripts/94896: line 41: ./fast: No such file or directory
N: 2048 / 16384...
/opt/gridengine/default/spool/compute-2-6/job_scripts/94896: line 40: ./slow: No such file or directory
/opt/gridengine/default/spool/compute-2-6/job_scripts/94896: line 41: ./fast: No such file or directory
N: 3072 / 16384...
/opt/gridengine/default/spool/compute-2-6/job_scripts/94896: line 40: ./slow: No such file or directory
/opt/gridengine/default/spool/compute-2-6/job_scripts/94896: line 41: ./fast: No such file or directory
N: 4096 / 16384...
/opt/gridengine/default/spool/compute-2-6/job_scripts/94896: line 40: ./slow: No such file or directory
/opt/gridengine/default/spool/compute-2-6/job_scripts/94896: line 41: ./fast: No such file or directory
N: 5120 / 16384...
/opt/gridengine/default/spool/compute-2-6/job_scripts/94896: line 40: ./slow: No such file or directory
/opt/gridengine/default/spool/compute-2-6/job_scripts/94896: line 41: ./fast: No such file or directory
N: 6144 / 16384...
/opt/gridengine/default/spool/compute-2-6/job_scripts/94896: line 40: ./slow: No such file or directory
/opt/gridengine/default/spool/compute-2-6/job_scripts/94896: line 41: ./fast: No such file or directory
N: 7168 / 16384...
/opt/gridengine/default/spool/compute-2-6/job_scripts/94896: line 40: ./slow: No such file or directory
/opt/gridengine/default/spool/compute-2-6/job_scripts/94896: line 41: ./fast: No such file or directory
N: 8192 / 16384...
/opt/gridengine/default/spool/compute-2-6/job_scripts/94896: line 40: ./slow: No such file or directory
/opt/gridengine/default/spool/compute-2-6/job_scripts/94896: line 41: ./fast: No such file or directory
N: 9216 / 16384...
/opt/gridengine/default/spool/compute-2-6/job_scripts/94896: line 40: ./slow: No such file or directory
/opt/gridengine/default/spool/compute-2-6/job_scripts/94896: line 41: ./fast: No such file or directory
N: 10240 / 16384...
/opt/gridengine/default/spool/compute-2-6/job_scripts/94896: line 40: ./slow: No such file or directory
/opt/gridengine/default/spool/compute-2-6/job_scripts/94896: line 41: ./fast: No such file or directory
N: 11264 / 16384...
/opt/gridengine/default/spool/compute-2-6/job_scripts/94896: line 40: ./slow: No such file or directory
/opt/gridengine/default/spool/compute-2-6/job_scripts/94896: line 41: ./fast: No such file or directory
N: 12288 / 16384...
/opt/gridengine/default/spool/compute-2-6/job_scripts/94896: line 40: ./slow: No such file or directory
/opt/gridengine/default/spool/compute-2-6/job_scripts/94896: line 41: ./fast: No such file or directory
N: 13312 / 16384...
/opt/gridengine/default/spool/compute-2-6/job_scripts/94896: line 40: ./slow: No such file or directory
/opt/gridengine/default/spool/compute-2-6/job_scripts/94896: line 41: ./fast: No such file or directory
N: 14336 / 16384...
/opt/gridengine/default/spool/compute-2-6/job_scripts/94896: line 40: ./slow: No such file or directory
/opt/gridengine/default/spool/compute-2-6/job_scripts/94896: line 41: ./fast: No such file or directory
N: 15360 / 16384...
/opt/gridengine/default/spool/compute-2-6/job_scripts/94896: line 40: ./slow: No such file or directory
/opt/gridengine/default/spool/compute-2-6/job_scripts/94896: line 41: ./fast: No such file or directory
N: 16384 / 16384...
/opt/gridengine/default/spool/compute-2-6/job_scripts/94896: line 40: ./slow: No such file or directory
/opt/gridengine/default/spool/compute-2-6/job_scripts/94896: line 41: ./fast: No such file or directory
Iteracion: 10
N: 1024 / 16384...
/opt/gridengine/default/spool/compute-2-6/job_scripts/94896: line 40: ./slow: No such file or directory
/opt/gridengine/default/spool/compute-2-6/job_scripts/94896: line 41: ./fast: No such file or directory
N: 2048 / 16384...
/opt/gridengine/default/spool/compute-2-6/job_scripts/94896: line 40: ./slow: No such file or directory
/opt/gridengine/default/spool/compute-2-6/job_scripts/94896: line 41: ./fast: No such file or directory
N: 3072 / 16384...
/opt/gridengine/default/spool/compute-2-6/job_scripts/94896: line 40: ./slow: No such file or directory
/opt/gridengine/default/spool/compute-2-6/job_scripts/94896: line 41: ./fast: No such file or directory
N: 4096 / 16384...
/opt/gridengine/default/spool/compute-2-6/job_scripts/94896: line 40: ./slow: No such file or directory
/opt/gridengine/default/spool/compute-2-6/job_scripts/94896: line 41: ./fast: No such file or directory
N: 5120 / 16384...
/opt/gridengine/default/spool/compute-2-6/job_scripts/94896: line 40: ./slow: No such file or directory
/opt/gridengine/default/spool/compute-2-6/job_scripts/94896: line 41: ./fast: No such file or directory
N: 6144 / 16384...
/opt/gridengine/default/spool/compute-2-6/job_scripts/94896: line 40: ./slow: No such file or directory
/opt/gridengine/default/spool/compute-2-6/job_scripts/94896: line 41: ./fast: No such file or directory
N: 7168 / 16384...
/opt/gridengine/default/spool/compute-2-6/job_scripts/94896: line 40: ./slow: No such file or directory
/opt/gridengine/default/spool/compute-2-6/job_scripts/94896: line 41: ./fast: No such file or directory
N: 8192 / 16384...
/opt/gridengine/default/spool/compute-2-6/job_scripts/94896: line 40: ./slow: No such file or directory
/opt/gridengine/default/spool/compute-2-6/job_scripts/94896: line 41: ./fast: No such file or directory
N: 9216 / 16384...
/opt/gridengine/default/spool/compute-2-6/job_scripts/94896: line 40: ./slow: No such file or directory
/opt/gridengine/default/spool/compute-2-6/job_scripts/94896: line 41: ./fast: No such file or directory
N: 10240 / 16384...
/opt/gridengine/default/spool/compute-2-6/job_scripts/94896: line 40: ./slow: No such file or directory
/opt/gridengine/default/spool/compute-2-6/job_scripts/94896: line 41: ./fast: No such file or directory
N: 11264 / 16384...
/opt/gridengine/default/spool/compute-2-6/job_scripts/94896: line 40: ./slow: No such file or directory
/opt/gridengine/default/spool/compute-2-6/job_scripts/94896: line 41: ./fast: No such file or directory
N: 12288 / 16384...
/opt/gridengine/default/spool/compute-2-6/job_scripts/94896: line 40: ./slow: No such file or directory
/opt/gridengine/default/spool/compute-2-6/job_scripts/94896: line 41: ./fast: No such file or directory
N: 13312 / 16384...
/opt/gridengine/default/spool/compute-2-6/job_scripts/94896: line 40: ./slow: No such file or directory
/opt/gridengine/default/spool/compute-2-6/job_scripts/94896: line 41: ./fast: No such file or directory
N: 14336 / 16384...
/opt/gridengine/default/spool/compute-2-6/job_scripts/94896: line 40: ./slow: No such file or directory
/opt/gridengine/default/spool/compute-2-6/job_scripts/94896: line 41: ./fast: No such file or directory
N: 15360 / 16384...
/opt/gridengine/default/spool/compute-2-6/job_scripts/94896: line 40: ./slow: No such file or directory
/opt/gridengine/default/spool/compute-2-6/job_scripts/94896: line 41: ./fast: No such file or directory
N: 16384 / 16384...
/opt/gridengine/default/spool/compute-2-6/job_scripts/94896: line 40: ./slow: No such file or directory
/opt/gridengine/default/spool/compute-2-6/job_scripts/94896: line 41: ./fast: No such file or directory
Iteracion: 11
N: 1024 / 16384...
/opt/gridengine/default/spool/compute-2-6/job_scripts/94896: line 40: ./slow: No such file or directory
/opt/gridengine/default/spool/compute-2-6/job_scripts/94896: line 41: ./fast: No such file or directory
N: 2048 / 16384...
/opt/gridengine/default/spool/compute-2-6/job_scripts/94896: line 40: ./slow: No such file or directory
/opt/gridengine/default/spool/compute-2-6/job_scripts/94896: line 41: ./fast: No such file or directory
N: 3072 / 16384...
/opt/gridengine/default/spool/compute-2-6/job_scripts/94896: line 40: ./slow: No such file or directory
/opt/gridengine/default/spool/compute-2-6/job_scripts/94896: line 41: ./fast: No such file or directory
N: 4096 / 16384...
/opt/gridengine/default/spool/compute-2-6/job_scripts/94896: line 40: ./slow: No such file or directory
/opt/gridengine/default/spool/compute-2-6/job_scripts/94896: line 41: ./fast: No such file or directory
N: 5120 / 16384...
/opt/gridengine/default/spool/compute-2-6/job_scripts/94896: line 40: ./slow: No such file or directory
/opt/gridengine/default/spool/compute-2-6/job_scripts/94896: line 41: ./fast: No such file or directory
N: 6144 / 16384...
/opt/gridengine/default/spool/compute-2-6/job_scripts/94896: line 40: ./slow: No such file or directory
/opt/gridengine/default/spool/compute-2-6/job_scripts/94896: line 41: ./fast: No such file or directory
N: 7168 / 16384...
/opt/gridengine/default/spool/compute-2-6/job_scripts/94896: line 40: ./slow: No such file or directory
/opt/gridengine/default/spool/compute-2-6/job_scripts/94896: line 41: ./fast: No such file or directory
N: 8192 / 16384...
/opt/gridengine/default/spool/compute-2-6/job_scripts/94896: line 40: ./slow: No such file or directory
/opt/gridengine/default/spool/compute-2-6/job_scripts/94896: line 41: ./fast: No such file or directory
N: 9216 / 16384...
/opt/gridengine/default/spool/compute-2-6/job_scripts/94896: line 40: ./slow: No such file or directory
/opt/gridengine/default/spool/compute-2-6/job_scripts/94896: line 41: ./fast: No such file or directory
N: 10240 / 16384...
/opt/gridengine/default/spool/compute-2-6/job_scripts/94896: line 40: ./slow: No such file or directory
/opt/gridengine/default/spool/compute-2-6/job_scripts/94896: line 41: ./fast: No such file or directory
N: 11264 / 16384...
/opt/gridengine/default/spool/compute-2-6/job_scripts/94896: line 40: ./slow: No such file or directory
/opt/gridengine/default/spool/compute-2-6/job_scripts/94896: line 41: ./fast: No such file or directory
N: 12288 / 16384...
/opt/gridengine/default/spool/compute-2-6/job_scripts/94896: line 40: ./slow: No such file or directory
/opt/gridengine/default/spool/compute-2-6/job_scripts/94896: line 41: ./fast: No such file or directory
N: 13312 / 16384...
/opt/gridengine/default/spool/compute-2-6/job_scripts/94896: line 40: ./slow: No such file or directory
/opt/gridengine/default/spool/compute-2-6/job_scripts/94896: line 41: ./fast: No such file or directory
N: 14336 / 16384...
/opt/gridengine/default/spool/compute-2-6/job_scripts/94896: line 40: ./slow: No such file or directory
/opt/gridengine/default/spool/compute-2-6/job_scripts/94896: line 41: ./fast: No such file or directory
N: 15360 / 16384...
/opt/gridengine/default/spool/compute-2-6/job_scripts/94896: line 40: ./slow: No such file or directory
/opt/gridengine/default/spool/compute-2-6/job_scripts/94896: line 41: ./fast: No such file or directory
N: 16384 / 16384...
/opt/gridengine/default/spool/compute-2-6/job_scripts/94896: line 40: ./slow: No such file or directory
/opt/gridengine/default/spool/compute-2-6/job_scripts/94896: line 41: ./fast: No such file or directory
Iteracion: 12
N: 1024 / 16384...
/opt/gridengine/default/spool/compute-2-6/job_scripts/94896: line 40: ./slow: No such file or directory
/opt/gridengine/default/spool/compute-2-6/job_scripts/94896: line 41: ./fast: No such file or directory
N: 2048 / 16384...
/opt/gridengine/default/spool/compute-2-6/job_scripts/94896: line 40: ./slow: No such file or directory
/opt/gridengine/default/spool/compute-2-6/job_scripts/94896: line 41: ./fast: No such file or directory
N: 3072 / 16384...
/opt/gridengine/default/spool/compute-2-6/job_scripts/94896: line 40: ./slow: No such file or directory
/opt/gridengine/default/spool/compute-2-6/job_scripts/94896: line 41: ./fast: No such file or directory
N: 4096 / 16384...
/opt/gridengine/default/spool/compute-2-6/job_scripts/94896: line 40: ./slow: No such file or directory
/opt/gridengine/default/spool/compute-2-6/job_scripts/94896: line 41: ./fast: No such file or directory
N: 5120 / 16384...
/opt/gridengine/default/spool/compute-2-6/job_scripts/94896: line 40: ./slow: No such file or directory
/opt/gridengine/default/spool/compute-2-6/job_scripts/94896: line 41: ./fast: No such file or directory
N: 6144 / 16384...
/opt/gridengine/default/spool/compute-2-6/job_scripts/94896: line 40: ./slow: No such file or directory
/opt/gridengine/default/spool/compute-2-6/job_scripts/94896: line 41: ./fast: No such file or directory
N: 7168 / 16384...
/opt/gridengine/default/spool/compute-2-6/job_scripts/94896: line 40: ./slow: No such file or directory
/opt/gridengine/default/spool/compute-2-6/job_scripts/94896: line 41: ./fast: No such file or directory
N: 8192 / 16384...
/opt/gridengine/default/spool/compute-2-6/job_scripts/94896: line 40: ./slow: No such file or directory
/opt/gridengine/default/spool/compute-2-6/job_scripts/94896: line 41: ./fast: No such file or directory
N: 9216 / 16384...
/opt/gridengine/default/spool/compute-2-6/job_scripts/94896: line 40: ./slow: No such file or directory
/opt/gridengine/default/spool/compute-2-6/job_scripts/94896: line 41: ./fast: No such file or directory
N: 10240 / 16384...
/opt/gridengine/default/spool/compute-2-6/job_scripts/94896: line 40: ./slow: No such file or directory
/opt/gridengine/default/spool/compute-2-6/job_scripts/94896: line 41: ./fast: No such file or directory
N: 11264 / 16384...
/opt/gridengine/default/spool/compute-2-6/job_scripts/94896: line 40: ./slow: No such file or directory
/opt/gridengine/default/spool/compute-2-6/job_scripts/94896: line 41: ./fast: No such file or directory
N: 12288 / 16384...
/opt/gridengine/default/spool/compute-2-6/job_scripts/94896: line 40: ./slow: No such file or directory
/opt/gridengine/default/spool/compute-2-6/job_scripts/94896: line 41: ./fast: No such file or directory
N: 13312 / 16384...
/opt/gridengine/default/spool/compute-2-6/job_scripts/94896: line 40: ./slow: No such file or directory
/opt/gridengine/default/spool/compute-2-6/job_scripts/94896: line 41: ./fast: No such file or directory
N: 14336 / 16384...
/opt/gridengine/default/spool/compute-2-6/job_scripts/94896: line 40: ./slow: No such file or directory
/opt/gridengine/default/spool/compute-2-6/job_scripts/94896: line 41: ./fast: No such file or directory
N: 15360 / 16384...
/opt/gridengine/default/spool/compute-2-6/job_scripts/94896: line 40: ./slow: No such file or directory
/opt/gridengine/default/spool/compute-2-6/job_scripts/94896: line 41: ./fast: No such file or directory
N: 16384 / 16384...
/opt/gridengine/default/spool/compute-2-6/job_scripts/94896: line 40: ./slow: No such file or directory
/opt/gridengine/default/spool/compute-2-6/job_scripts/94896: line 41: ./fast: No such file or directory
Iteracion: 13
N: 1024 / 16384...
/opt/gridengine/default/spool/compute-2-6/job_scripts/94896: line 40: ./slow: No such file or directory
/opt/gridengine/default/spool/compute-2-6/job_scripts/94896: line 41: ./fast: No such file or directory
N: 2048 / 16384...
/opt/gridengine/default/spool/compute-2-6/job_scripts/94896: line 40: ./slow: No such file or directory
/opt/gridengine/default/spool/compute-2-6/job_scripts/94896: line 41: ./fast: No such file or directory
N: 3072 / 16384...
/opt/gridengine/default/spool/compute-2-6/job_scripts/94896: line 40: ./slow: No such file or directory
/opt/gridengine/default/spool/compute-2-6/job_scripts/94896: line 41: ./fast: No such file or directory
N: 4096 / 16384...
/opt/gridengine/default/spool/compute-2-6/job_scripts/94896: line 40: ./slow: No such file or directory
/opt/gridengine/default/spool/compute-2-6/job_scripts/94896: line 41: ./fast: No such file or directory
N: 5120 / 16384...
/opt/gridengine/default/spool/compute-2-6/job_scripts/94896: line 40: ./slow: No such file or directory
/opt/gridengine/default/spool/compute-2-6/job_scripts/94896: line 41: ./fast: No such file or directory
N: 6144 / 16384...
/opt/gridengine/default/spool/compute-2-6/job_scripts/94896: line 40: ./slow: No such file or directory
/opt/gridengine/default/spool/compute-2-6/job_scripts/94896: line 41: ./fast: No such file or directory
N: 7168 / 16384...
/opt/gridengine/default/spool/compute-2-6/job_scripts/94896: line 40: ./slow: No such file or directory
/opt/gridengine/default/spool/compute-2-6/job_scripts/94896: line 41: ./fast: No such file or directory
N: 8192 / 16384...
/opt/gridengine/default/spool/compute-2-6/job_scripts/94896: line 40: ./slow: No such file or directory
/opt/gridengine/default/spool/compute-2-6/job_scripts/94896: line 41: ./fast: No such file or directory
N: 9216 / 16384...
/opt/gridengine/default/spool/compute-2-6/job_scripts/94896: line 40: ./slow: No such file or directory
/opt/gridengine/default/spool/compute-2-6/job_scripts/94896: line 41: ./fast: No such file or directory
N: 10240 / 16384...
/opt/gridengine/default/spool/compute-2-6/job_scripts/94896: line 40: ./slow: No such file or directory
/opt/gridengine/default/spool/compute-2-6/job_scripts/94896: line 41: ./fast: No such file or directory
N: 11264 / 16384...
/opt/gridengine/default/spool/compute-2-6/job_scripts/94896: line 40: ./slow: No such file or directory
/opt/gridengine/default/spool/compute-2-6/job_scripts/94896: line 41: ./fast: No such file or directory
N: 12288 / 16384...
/opt/gridengine/default/spool/compute-2-6/job_scripts/94896: line 40: ./slow: No such file or directory
/opt/gridengine/default/spool/compute-2-6/job_scripts/94896: line 41: ./fast: No such file or directory
N: 13312 / 16384...
/opt/gridengine/default/spool/compute-2-6/job_scripts/94896: line 40: ./slow: No such file or directory
/opt/gridengine/default/spool/compute-2-6/job_scripts/94896: line 41: ./fast: No such file or directory
N: 14336 / 16384...
/opt/gridengine/default/spool/compute-2-6/job_scripts/94896: line 40: ./slow: No such file or directory
/opt/gridengine/default/spool/compute-2-6/job_scripts/94896: line 41: ./fast: No such file or directory
N: 15360 / 16384...
/opt/gridengine/default/spool/compute-2-6/job_scripts/94896: line 40: ./slow: No such file or directory
/opt/gridengine/default/spool/compute-2-6/job_scripts/94896: line 41: ./fast: No such file or directory
N: 16384 / 16384...
/opt/gridengine/default/spool/compute-2-6/job_scripts/94896: line 40: ./slow: No such file or directory
/opt/gridengine/default/spool/compute-2-6/job_scripts/94896: line 41: ./fast: No such file or directory
Computing the average...
N: 1024 / 16384...
N: 2048 / 16384...
N: 3072 / 16384...
N: 4096 / 16384...
N: 5120 / 16384...
N: 6144 / 16384...
N: 7168 / 16384...
N: 8192 / 16384...
N: 9216 / 16384...
N: 10240 / 16384...
N: 11264 / 16384...
N: 12288 / 16384...
N: 13312 / 16384...
N: 14336 / 16384...
N: 15360 / 16384...
N: 16384 / 16384...
Generating plot...
Could not find/open font when opening font "arial", using internal non-scalable font
Warning: empty y range [0:0], adjusting to [-1:1]
Warning: empty y range [0:0], adjusting to [-1:1]
Running slow and fast...
Iteracion: 1
N: 1024 / 16384...
N: 2048 / 16384...
N: 3072 / 16384...
N: 4096 / 16384...
N: 5120 / 16384...
N: 6144 / 16384...
N: 7168 / 16384...
N: 8192 / 16384...
N: 9216 / 16384...
N: 10240 / 16384...
N: 11264 / 16384...
N: 12288 / 16384...
N: 13312 / 16384...
N: 14336 / 16384...
N: 15360 / 16384...
N: 16384 / 16384...
Iteracion: 2
N: 1024 / 16384...
N: 2048 / 16384...
N: 3072 / 16384...
N: 4096 / 16384...
N: 5120 / 16384...
N: 6144 / 16384...
N: 7168 / 16384...
N: 8192 / 16384...
N: 9216 / 16384...
N: 10240 / 16384...
N: 11264 / 16384...
N: 12288 / 16384...
N: 13312 / 16384...
N: 14336 / 16384...
N: 15360 / 16384...
N: 16384 / 16384...
Iteracion: 3
N: 1024 / 16384...
N: 2048 / 16384...
N: 3072 / 16384...
N: 4096 / 16384...
N: 5120 / 16384...
N: 6144 / 16384...
N: 7168 / 16384...
N: 8192 / 16384...
N: 9216 / 16384...
N: 10240 / 16384...
N: 11264 / 16384...
N: 12288 / 16384...
N: 13312 / 16384...
N: 14336 / 16384...
N: 15360 / 16384...
N: 16384 / 16384...
Iteracion: 4
N: 1024 / 16384...
N: 2048 / 16384...
N: 3072 / 16384...
N: 4096 / 16384...
N: 5120 / 16384...
N: 6144 / 16384...
N: 7168 / 16384...
N: 8192 / 16384...
N: 9216 / 16384...
N: 10240 / 16384...
N: 11264 / 16384...
N: 12288 / 16384...
N: 13312 / 16384...
N: 14336 / 16384...
N: 15360 / 16384...
N: 16384 / 16384...
Iteracion: 5
N: 1024 / 16384...
N: 2048 / 16384...
N: 3072 / 16384...
N: 4096 / 16384...
N: 5120 / 16384...
N: 6144 / 16384...
N: 7168 / 16384...
N: 8192 / 16384...
N: 9216 / 16384...
N: 10240 / 16384...
N: 11264 / 16384...
N: 12288 / 16384...
N: 13312 / 16384...
N: 14336 / 16384...
N: 15360 / 16384...
N: 16384 / 16384...
Iteracion: 6
N: 1024 / 16384...
N: 2048 / 16384...
N: 3072 / 16384...
N: 4096 / 16384...
N: 5120 / 16384...
N: 6144 / 16384...
N: 7168 / 16384...
N: 8192 / 16384...
N: 9216 / 16384...
N: 10240 / 16384...
N: 11264 / 16384...
N: 12288 / 16384...
N: 13312 / 16384...
N: 14336 / 16384...
N: 15360 / 16384...
N: 16384 / 16384...
Iteracion: 7
N: 1024 / 16384...
N: 2048 / 16384...
N: 3072 / 16384...
N: 4096 / 16384...
N: 5120 / 16384...
N: 6144 / 16384...
N: 7168 / 16384...
N: 8192 / 16384...
N: 9216 / 16384...
N: 10240 / 16384...
N: 11264 / 16384...
N: 12288 / 16384...
N: 13312 / 16384...
N: 14336 / 16384...
N: 15360 / 16384...
N: 16384 / 16384...
Iteracion: 8
N: 1024 / 16384...
N: 2048 / 16384...
N: 3072 / 16384...
N: 4096 / 16384...
N: 5120 / 16384...
N: 6144 / 16384...
N: 7168 / 16384...
N: 8192 / 16384...
N: 9216 / 16384...
N: 10240 / 16384...
N: 11264 / 16384...
N: 12288 / 16384...
N: 13312 / 16384...
N: 14336 / 16384...
N: 15360 / 16384...
N: 16384 / 16384...
Iteracion: 9
N: 1024 / 16384...
N: 2048 / 16384...
N: 3072 / 16384...
N: 4096 / 16384...
N: 5120 / 16384...
N: 6144 / 16384...
N: 7168 / 16384...
N: 8192 / 16384...
N: 9216 / 16384...
N: 10240 / 16384...
N: 11264 / 16384...
N: 12288 / 16384...
N: 13312 / 16384...
N: 14336 / 16384...
N: 15360 / 16384...
N: 16384 / 16384...
Iteracion: 10
N: 1024 / 16384...
N: 2048 / 16384...
N: 3072 / 16384...
N: 4096 / 16384...
N: 5120 / 16384...
N: 6144 / 16384...
N: 7168 / 16384...
N: 8192 / 16384...
N: 9216 / 16384...
N: 10240 / 16384...
N: 11264 / 16384...
N: 12288 / 16384...
N: 13312 / 16384...
N: 14336 / 16384...
N: 15360 / 16384...
N: 16384 / 16384...
Iteracion: 11
N: 1024 / 16384...
N: 2048 / 16384...
N: 3072 / 16384...
N: 4096 / 16384...
N: 5120 / 16384...
N: 6144 / 16384...
N: 7168 / 16384...
N: 8192 / 16384...
N: 9216 / 16384...
N: 10240 / 16384...
N: 11264 / 16384...
N: 12288 / 16384...
N: 13312 / 16384...
N: 14336 / 16384...
N: 15360 / 16384...
N: 16384 / 16384...
Iteracion: 12
N: 1024 / 16384...
N: 2048 / 16384...
N: 3072 / 16384...
N: 4096 / 16384...
N: 5120 / 16384...
N: 6144 / 16384...
N: 7168 / 16384...
N: 8192 / 16384...
N: 9216 / 16384...
N: 10240 / 16384...
N: 11264 / 16384...
N: 12288 / 16384...
N: 13312 / 16384...
N: 14336 / 16384...
N: 15360 / 16384...
N: 16384 / 16384...
Iteracion: 13
N: 1024 / 16384...
N: 2048 / 16384...
N: 3072 / 16384...
N: 4096 / 16384...
N: 5120 / 16384...
N: 6144 / 16384...
N: 7168 / 16384...
N: 8192 / 16384...
N: 9216 / 16384...
N: 10240 / 16384...
N: 11264 / 16384...
N: 12288 / 16384...
N: 13312 / 16384...
N: 14336 / 16384...
N: 15360 / 16384...
N: 16384 / 16384...
Running slow and fast...
Iteracion: 1
N: 1024 / 16384...
N: 2048 / 16384...
N: 3072 / 16384...
N: 4096 / 16384...
N: 5120 / 16384...
N: 6144 / 16384...
Computing the average...
N: 1024 / 163N: 9216 / 16384...
84...
N: 3072 / 16384...
N: 4096 / 16384...
N: 5120 / 16384...
N: 6144 / 16384...
N: 7168 / 16384...
N: 8192 / 16384...
N: 9216 / 16384...
N: 10240 / 16384...
N: 11264 / 16384...
N: 12288 / 16384...
N: 13312 / 16384...
N: 14336 / 16384...
N: 15360 / 16384...
N: 16384 / 16384...
Generating plot...
Could not find/open font when opening font "arial", using internal non-scalable font
N: 10240 / 16384...
N: 11264 / 16384...
